<?xml version="1.0" encoding="UTF-8"?>
<!-- Generated by org.testng.reporters.JUnitXMLReporter -->
<testsuite ignored="3" hostname="DDC2-L-33244GF" failures="0" tests="1" name="TestService" time="84.472" errors="0" timestamp="16 Jan 2024 09:43:23 GMT">
  <testcase classname="Webtesting.InstagramPage" name="Instagramfunctionality" time="52.771"/>
  <testcase classname="Webtesting.InstagramPage" name="Instagramfunctionalitydelete" time="0.0">
    <ignored/>
  </testcase> <!-- Instagramfunctionalitydelete -->
  <testcase classname="Webtesting.InstagramPage" name="Instagramfunctionalityupload" time="0.0">
    <ignored/>
  </testcase> <!-- Instagramfunctionalityupload -->
  <testcase classname="Webtesting.InstagramPage" name="Instagramfunctionalitysearch" time="0.0">
    <ignored/>
  </testcase> <!-- Instagramfunctionalitysearch -->
</testsuite> <!-- TestService -->
