<?xml version="1.0" encoding="UTF-8"?>
<testng-results ignored="3" total="4" passed="1" failed="0" skipped="0">
  <reporter-output>
  </reporter-output>
  <suite started-at="2024-01-16T09:41:58Z" name="Suite" finished-at="2024-01-16T09:43:23Z" duration-ms="84472">
    <groups>
    </groups>
    <test started-at="2024-01-16T09:41:58Z" name="TestService" finished-at="2024-01-16T09:43:23Z" duration-ms="84472">
      <class name="Webtesting.InstagramPage">
        <test-method is-config="true" signature="startUp(java.lang.String, java.lang.String, java.lang.String)[pri:0, instance:Webtesting.InstagramPage@6ccdb29f]" started-at="2024-01-16T09:41:58Z" name="startUp" finished-at="2024-01-16T09:42:19Z" duration-ms="20568" status="PASS">
          <params>
            <param index="0">
              <value>
                <![CDATA[monikacreate]]>
              </value>
            </param>
            <param index="1">
              <value>
                <![CDATA[Aligarh40135*]]>
              </value>
            </param>
            <param index="2">
              <value>
                <![CDATA[Chrome]]>
              </value>
            </param>
          </params>
          <reporter-output>
          </reporter-output>
        </test-method> <!-- startUp -->
        <test-method signature="Instagramfunctionality()[pri:0, instance:Webtesting.InstagramPage@6ccdb29f]" started-at="2024-01-16T09:42:19Z" name="Instagramfunctionality" finished-at="2024-01-16T09:43:12Z" duration-ms="52771" status="PASS">
          <reporter-output>
          </reporter-output>
        </test-method> <!-- Instagramfunctionality -->
        <test-method is-config="true" signature="tearDown()[pri:0, instance:Webtesting.InstagramPage@6ccdb29f]" started-at="2024-01-16T09:43:12Z" name="tearDown" finished-at="2024-01-16T09:43:23Z" duration-ms="11097" status="PASS">
          <reporter-output>
          </reporter-output>
        </test-method> <!-- tearDown -->
      </class> <!-- Webtesting.InstagramPage -->
    </test> <!-- TestService -->
  </suite> <!-- Suite -->
</testng-results>
